[debug] [2024-08-02T13:49:10.729Z] ----------------------------------------------------------------------
[debug] [2024-08-02T13:49:10.732Z] Command:       C:\Program Files\nodejs\node.exe C:\Users\VAMSI\AppData\Roaming\npm\node_modules\firebase-tools\lib\bin\firebase.js deploy
[debug] [2024-08-02T13:49:10.732Z] CLI Version:   13.13.3
[debug] [2024-08-02T13:49:10.732Z] Platform:      win32
[debug] [2024-08-02T13:49:10.732Z] Node Version:  v20.15.1
[debug] [2024-08-02T13:49:10.732Z] Time:          Fri Aug 02 2024 19:19:10 GMT+0530 (India Standard Time)
[debug] [2024-08-02T13:49:10.732Z] ----------------------------------------------------------------------
[debug] 
[debug] [2024-08-02T13:49:10.802Z] > command requires scopes: ["email","openid","https://www.googleapis.com/auth/cloudplatformprojects.readonly","https://www.googleapis.com/auth/firebase","https://www.googleapis.com/auth/cloud-platform"]
[debug] [2024-08-02T13:49:10.802Z] > authorizing via signed-in user (vamsipydipati@gmail.com)
[debug] [2024-08-02T13:49:10.803Z] [iam] checking project vamsi-1c9d3 for permissions ["firebase.projects.get","firebasehosting.sites.update"]
[debug] [2024-08-02T13:49:10.804Z] >>> [apiv2][query] POST https://cloudresourcemanager.googleapis.com/v1/projects/vamsi-1c9d3:testIamPermissions [none]
[debug] [2024-08-02T13:49:10.804Z] >>> [apiv2][(partial)header] POST https://cloudresourcemanager.googleapis.com/v1/projects/vamsi-1c9d3:testIamPermissions x-goog-quota-user=projects/vamsi-1c9d3
[debug] [2024-08-02T13:49:10.805Z] >>> [apiv2][body] POST https://cloudresourcemanager.googleapis.com/v1/projects/vamsi-1c9d3:testIamPermissions {"permissions":["firebase.projects.get","firebasehosting.sites.update"]}
[debug] [2024-08-02T13:49:12.411Z] <<< [apiv2][status] POST https://cloudresourcemanager.googleapis.com/v1/projects/vamsi-1c9d3:testIamPermissions 200
[debug] [2024-08-02T13:49:12.411Z] <<< [apiv2][body] POST https://cloudresourcemanager.googleapis.com/v1/projects/vamsi-1c9d3:testIamPermissions {}
[debug] [2024-08-02T13:49:12.411Z] [iam] error while checking permissions, command may fail: FirebaseError: Authorization failed. This account is missing the following required permissions on project vamsi-1c9d3:

  firebase.projects.get
  firebasehosting.sites.update
[debug] [2024-08-02T13:49:12.413Z] >>> [apiv2][query] GET https://firebase.googleapis.com/v1beta1/projects/vamsi-1c9d3 [none]
[debug] [2024-08-02T13:49:13.502Z] <<< [apiv2][status] GET https://firebase.googleapis.com/v1beta1/projects/vamsi-1c9d3 403
[debug] [2024-08-02T13:49:13.502Z] <<< [apiv2][body] GET https://firebase.googleapis.com/v1beta1/projects/vamsi-1c9d3 {"error":{"code":403,"message":"The caller does not have permission","status":"PERMISSION_DENIED"}}
[debug] [2024-08-02T13:49:13.504Z] HTTP Error: 403, The caller does not have permission
[error] 
[error] Error: Assertion failed: resolving hosting target of a site with no site name or target name. This should have caused an error earlier
[debug] [2024-08-02T13:50:26.296Z] ----------------------------------------------------------------------
[debug] [2024-08-02T13:50:26.299Z] Command:       C:\Program Files\nodejs\node.exe C:\Users\VAMSI\AppData\Roaming\npm\node_modules\firebase-tools\lib\bin\firebase.js deploy
[debug] [2024-08-02T13:50:26.299Z] CLI Version:   13.13.3
[debug] [2024-08-02T13:50:26.300Z] Platform:      win32
[debug] [2024-08-02T13:50:26.300Z] Node Version:  v20.15.1
[debug] [2024-08-02T13:50:26.300Z] Time:          Fri Aug 02 2024 19:20:26 GMT+0530 (India Standard Time)
[debug] [2024-08-02T13:50:26.300Z] ----------------------------------------------------------------------
[debug] 
[debug] [2024-08-02T13:50:26.363Z] > command requires scopes: ["email","openid","https://www.googleapis.com/auth/cloudplatformprojects.readonly","https://www.googleapis.com/auth/firebase","https://www.googleapis.com/auth/cloud-platform"]
[debug] [2024-08-02T13:50:26.363Z] > authorizing via signed-in user (vamsipydipati@gmail.com)
[debug] [2024-08-02T13:50:26.363Z] [iam] checking project vamsi-1c9d3 for permissions ["firebase.projects.get","firebasehosting.sites.update"]
[debug] [2024-08-02T13:50:26.365Z] >>> [apiv2][query] POST https://cloudresourcemanager.googleapis.com/v1/projects/vamsi-1c9d3:testIamPermissions [none]
[debug] [2024-08-02T13:50:26.365Z] >>> [apiv2][(partial)header] POST https://cloudresourcemanager.googleapis.com/v1/projects/vamsi-1c9d3:testIamPermissions x-goog-quota-user=projects/vamsi-1c9d3
[debug] [2024-08-02T13:50:26.365Z] >>> [apiv2][body] POST https://cloudresourcemanager.googleapis.com/v1/projects/vamsi-1c9d3:testIamPermissions {"permissions":["firebase.projects.get","firebasehosting.sites.update"]}
[debug] [2024-08-02T13:50:28.103Z] <<< [apiv2][status] POST https://cloudresourcemanager.googleapis.com/v1/projects/vamsi-1c9d3:testIamPermissions 200
[debug] [2024-08-02T13:50:28.103Z] <<< [apiv2][body] POST https://cloudresourcemanager.googleapis.com/v1/projects/vamsi-1c9d3:testIamPermissions {}
[debug] [2024-08-02T13:50:28.103Z] [iam] error while checking permissions, command may fail: FirebaseError: Authorization failed. This account is missing the following required permissions on project vamsi-1c9d3:

  firebase.projects.get
  firebasehosting.sites.update
[debug] [2024-08-02T13:50:28.104Z] >>> [apiv2][query] GET https://firebase.googleapis.com/v1beta1/projects/vamsi-1c9d3 [none]
[debug] [2024-08-02T13:50:28.845Z] <<< [apiv2][status] GET https://firebase.googleapis.com/v1beta1/projects/vamsi-1c9d3 403
[debug] [2024-08-02T13:50:28.846Z] <<< [apiv2][body] GET https://firebase.googleapis.com/v1beta1/projects/vamsi-1c9d3 {"error":{"code":403,"message":"The caller does not have permission","status":"PERMISSION_DENIED"}}
[debug] [2024-08-02T13:50:28.848Z] HTTP Error: 403, The caller does not have permission
[error] 
[error] Error: Assertion failed: resolving hosting target of a site with no site name or target name. This should have caused an error earlier
[debug] [2024-08-02T13:51:25.863Z] ----------------------------------------------------------------------
[debug] [2024-08-02T13:51:25.867Z] Command:       C:\Program Files\nodejs\node.exe C:\Users\VAMSI\AppData\Roaming\npm\node_modules\firebase-tools\lib\bin\firebase.js deploy --only hosting
[debug] [2024-08-02T13:51:25.867Z] CLI Version:   13.13.3
[debug] [2024-08-02T13:51:25.868Z] Platform:      win32
[debug] [2024-08-02T13:51:25.868Z] Node Version:  v20.15.1
[debug] [2024-08-02T13:51:25.868Z] Time:          Fri Aug 02 2024 19:21:25 GMT+0530 (India Standard Time)
[debug] [2024-08-02T13:51:25.868Z] ----------------------------------------------------------------------
[debug] 
[debug] [2024-08-02T13:51:25.932Z] > command requires scopes: ["email","openid","https://www.googleapis.com/auth/cloudplatformprojects.readonly","https://www.googleapis.com/auth/firebase","https://www.googleapis.com/auth/cloud-platform"]
[debug] [2024-08-02T13:51:25.932Z] > authorizing via signed-in user (vamsipydipati@gmail.com)
[debug] [2024-08-02T13:51:25.933Z] [iam] checking project vamsi-1c9d3 for permissions ["firebase.projects.get","firebasehosting.sites.update"]
[debug] [2024-08-02T13:51:25.934Z] >>> [apiv2][query] POST https://cloudresourcemanager.googleapis.com/v1/projects/vamsi-1c9d3:testIamPermissions [none]
[debug] [2024-08-02T13:51:25.934Z] >>> [apiv2][(partial)header] POST https://cloudresourcemanager.googleapis.com/v1/projects/vamsi-1c9d3:testIamPermissions x-goog-quota-user=projects/vamsi-1c9d3
[debug] [2024-08-02T13:51:25.934Z] >>> [apiv2][body] POST https://cloudresourcemanager.googleapis.com/v1/projects/vamsi-1c9d3:testIamPermissions {"permissions":["firebase.projects.get","firebasehosting.sites.update"]}
[debug] [2024-08-02T13:51:27.700Z] <<< [apiv2][status] POST https://cloudresourcemanager.googleapis.com/v1/projects/vamsi-1c9d3:testIamPermissions 200
[debug] [2024-08-02T13:51:27.701Z] <<< [apiv2][body] POST https://cloudresourcemanager.googleapis.com/v1/projects/vamsi-1c9d3:testIamPermissions {}
[debug] [2024-08-02T13:51:27.701Z] [iam] error while checking permissions, command may fail: FirebaseError: Authorization failed. This account is missing the following required permissions on project vamsi-1c9d3:

  firebase.projects.get
  firebasehosting.sites.update
[debug] [2024-08-02T13:51:27.702Z] >>> [apiv2][query] GET https://firebase.googleapis.com/v1beta1/projects/vamsi-1c9d3 [none]
[debug] [2024-08-02T13:51:28.589Z] <<< [apiv2][status] GET https://firebase.googleapis.com/v1beta1/projects/vamsi-1c9d3 403
[debug] [2024-08-02T13:51:28.590Z] <<< [apiv2][body] GET https://firebase.googleapis.com/v1beta1/projects/vamsi-1c9d3 {"error":{"code":403,"message":"The caller does not have permission","status":"PERMISSION_DENIED"}}
[debug] [2024-08-02T13:51:28.592Z] HTTP Error: 403, The caller does not have permission
[error] 
[error] Error: Assertion failed: resolving hosting target of a site with no site name or target name. This should have caused an error earlier
[debug] [2024-08-02T13:51:38.073Z] ----------------------------------------------------------------------
[debug] [2024-08-02T13:51:38.075Z] Command:       C:\Program Files\nodejs\node.exe C:\Users\VAMSI\AppData\Roaming\npm\node_modules\firebase-tools\lib\bin\firebase.js deploy --only hosting
[debug] [2024-08-02T13:51:38.075Z] CLI Version:   13.13.3
[debug] [2024-08-02T13:51:38.076Z] Platform:      win32
[debug] [2024-08-02T13:51:38.076Z] Node Version:  v20.15.1
[debug] [2024-08-02T13:51:38.076Z] Time:          Fri Aug 02 2024 19:21:38 GMT+0530 (India Standard Time)
[debug] [2024-08-02T13:51:38.076Z] ----------------------------------------------------------------------
[debug] 
[debug] [2024-08-02T13:51:38.130Z] > command requires scopes: ["email","openid","https://www.googleapis.com/auth/cloudplatformprojects.readonly","https://www.googleapis.com/auth/firebase","https://www.googleapis.com/auth/cloud-platform"]
[debug] [2024-08-02T13:51:38.131Z] > authorizing via signed-in user (vamsipydipati@gmail.com)
[debug] [2024-08-02T13:51:38.131Z] [iam] checking project vamsi-1c9d3 for permissions ["firebase.projects.get","firebasehosting.sites.update"]
[debug] [2024-08-02T13:51:38.133Z] >>> [apiv2][query] POST https://cloudresourcemanager.googleapis.com/v1/projects/vamsi-1c9d3:testIamPermissions [none]
[debug] [2024-08-02T13:51:38.133Z] >>> [apiv2][(partial)header] POST https://cloudresourcemanager.googleapis.com/v1/projects/vamsi-1c9d3:testIamPermissions x-goog-quota-user=projects/vamsi-1c9d3
[debug] [2024-08-02T13:51:38.133Z] >>> [apiv2][body] POST https://cloudresourcemanager.googleapis.com/v1/projects/vamsi-1c9d3:testIamPermissions {"permissions":["firebase.projects.get","firebasehosting.sites.update"]}
[debug] [2024-08-02T13:51:54.606Z] <<< [apiv2][status] POST https://cloudresourcemanager.googleapis.com/v1/projects/vamsi-1c9d3:testIamPermissions 200
[debug] [2024-08-02T13:51:54.607Z] <<< [apiv2][body] POST https://cloudresourcemanager.googleapis.com/v1/projects/vamsi-1c9d3:testIamPermissions {}
[debug] [2024-08-02T13:51:54.607Z] [iam] error while checking permissions, command may fail: FirebaseError: Authorization failed. This account is missing the following required permissions on project vamsi-1c9d3:

  firebase.projects.get
  firebasehosting.sites.update
[debug] [2024-08-02T13:51:54.609Z] >>> [apiv2][query] GET https://firebase.googleapis.com/v1beta1/projects/vamsi-1c9d3 [none]
[debug] [2024-08-02T13:52:05.193Z] <<< [apiv2][status] GET https://firebase.googleapis.com/v1beta1/projects/vamsi-1c9d3 403
[debug] [2024-08-02T13:52:05.194Z] <<< [apiv2][body] GET https://firebase.googleapis.com/v1beta1/projects/vamsi-1c9d3 {"error":{"code":403,"message":"The caller does not have permission","status":"PERMISSION_DENIED"}}
[debug] [2024-08-02T13:52:05.196Z] HTTP Error: 403, The caller does not have permission
[error] 
[error] Error: Assertion failed: resolving hosting target of a site with no site name or target name. This should have caused an error earlier
[debug] [2024-08-02T13:52:22.466Z] ----------------------------------------------------------------------
[debug] [2024-08-02T13:52:22.469Z] Command:       C:\Program Files\nodejs\node.exe C:\Users\VAMSI\AppData\Roaming\npm\node_modules\firebase-tools\lib\bin\firebase.js deploy
[debug] [2024-08-02T13:52:22.469Z] CLI Version:   13.13.3
[debug] [2024-08-02T13:52:22.469Z] Platform:      win32
[debug] [2024-08-02T13:52:22.469Z] Node Version:  v20.15.1
[debug] [2024-08-02T13:52:22.469Z] Time:          Fri Aug 02 2024 19:22:22 GMT+0530 (India Standard Time)
[debug] [2024-08-02T13:52:22.470Z] ----------------------------------------------------------------------
[debug] 
[debug] [2024-08-02T13:52:22.524Z] > command requires scopes: ["email","openid","https://www.googleapis.com/auth/cloudplatformprojects.readonly","https://www.googleapis.com/auth/firebase","https://www.googleapis.com/auth/cloud-platform"]
[debug] [2024-08-02T13:52:22.525Z] > authorizing via signed-in user (vamsipydipati@gmail.com)
[debug] [2024-08-02T13:52:22.525Z] [iam] checking project vamsi for permissions ["firebase.projects.get","firebasehosting.sites.update"]
[debug] [2024-08-02T13:52:22.527Z] >>> [apiv2][query] POST https://cloudresourcemanager.googleapis.com/v1/projects/vamsi:testIamPermissions [none]
[debug] [2024-08-02T13:52:22.527Z] >>> [apiv2][(partial)header] POST https://cloudresourcemanager.googleapis.com/v1/projects/vamsi:testIamPermissions x-goog-quota-user=projects/vamsi
[debug] [2024-08-02T13:52:22.527Z] >>> [apiv2][body] POST https://cloudresourcemanager.googleapis.com/v1/projects/vamsi:testIamPermissions {"permissions":["firebase.projects.get","firebasehosting.sites.update"]}
[debug] [2024-08-02T13:52:24.212Z] <<< [apiv2][status] POST https://cloudresourcemanager.googleapis.com/v1/projects/vamsi:testIamPermissions 200
[debug] [2024-08-02T13:52:24.213Z] <<< [apiv2][body] POST https://cloudresourcemanager.googleapis.com/v1/projects/vamsi:testIamPermissions {}
[debug] [2024-08-02T13:52:24.213Z] [iam] error while checking permissions, command may fail: FirebaseError: Authorization failed. This account is missing the following required permissions on project vamsi:

  firebase.projects.get
  firebasehosting.sites.update
[debug] [2024-08-02T13:52:24.214Z] >>> [apiv2][query] GET https://firebase.googleapis.com/v1beta1/projects/vamsi [none]
[debug] [2024-08-02T13:52:24.900Z] <<< [apiv2][status] GET https://firebase.googleapis.com/v1beta1/projects/vamsi 403
[debug] [2024-08-02T13:52:24.901Z] <<< [apiv2][body] GET https://firebase.googleapis.com/v1beta1/projects/vamsi {"error":{"code":403,"message":"The caller does not have permission","status":"PERMISSION_DENIED"}}
[debug] [2024-08-02T13:52:24.903Z] HTTP Error: 403, The caller does not have permission
[error] 
[error] Error: Assertion failed: resolving hosting target of a site with no site name or target name. This should have caused an error earlier
[debug] [2024-08-02T13:56:41.003Z] ----------------------------------------------------------------------
[debug] [2024-08-02T13:56:41.007Z] Command:       C:\Program Files\nodejs\node.exe C:\Users\VAMSI\AppData\Roaming\npm\node_modules\firebase-tools\lib\bin\firebase.js deploy
[debug] [2024-08-02T13:56:41.007Z] CLI Version:   13.13.3
[debug] [2024-08-02T13:56:41.008Z] Platform:      win32
[debug] [2024-08-02T13:56:41.008Z] Node Version:  v20.15.1
[debug] [2024-08-02T13:56:41.008Z] Time:          Fri Aug 02 2024 19:26:41 GMT+0530 (India Standard Time)
[debug] [2024-08-02T13:56:41.008Z] ----------------------------------------------------------------------
[debug] 
[debug] [2024-08-02T13:56:41.063Z] > command requires scopes: ["email","openid","https://www.googleapis.com/auth/cloudplatformprojects.readonly","https://www.googleapis.com/auth/firebase","https://www.googleapis.com/auth/cloud-platform"]
[debug] [2024-08-02T13:56:41.064Z] > authorizing via signed-in user (vamsipydipati@gmail.com)
[debug] [2024-08-02T13:56:41.064Z] [iam] checking project vamsi for permissions ["firebase.projects.get","firebasehosting.sites.update"]
[debug] [2024-08-02T13:56:41.065Z] > refreshing access token with scopes: []
[debug] [2024-08-02T13:56:41.066Z] >>> [apiv2][query] POST https://www.googleapis.com/oauth2/v3/token [none]
[debug] [2024-08-02T13:56:41.066Z] >>> [apiv2][body] POST https://www.googleapis.com/oauth2/v3/token [omitted]
[debug] [2024-08-02T13:56:41.553Z] <<< [apiv2][status] POST https://www.googleapis.com/oauth2/v3/token 200
[debug] [2024-08-02T13:56:41.554Z] <<< [apiv2][body] POST https://www.googleapis.com/oauth2/v3/token [omitted]
[debug] [2024-08-02T13:56:41.563Z] >>> [apiv2][query] POST https://cloudresourcemanager.googleapis.com/v1/projects/vamsi:testIamPermissions [none]
[debug] [2024-08-02T13:56:41.563Z] >>> [apiv2][(partial)header] POST https://cloudresourcemanager.googleapis.com/v1/projects/vamsi:testIamPermissions x-goog-quota-user=projects/vamsi
[debug] [2024-08-02T13:56:41.563Z] >>> [apiv2][body] POST https://cloudresourcemanager.googleapis.com/v1/projects/vamsi:testIamPermissions {"permissions":["firebase.projects.get","firebasehosting.sites.update"]}
[debug] [2024-08-02T13:56:43.412Z] <<< [apiv2][status] POST https://cloudresourcemanager.googleapis.com/v1/projects/vamsi:testIamPermissions 200
[debug] [2024-08-02T13:56:43.413Z] <<< [apiv2][body] POST https://cloudresourcemanager.googleapis.com/v1/projects/vamsi:testIamPermissions {}
[debug] [2024-08-02T13:56:43.413Z] [iam] error while checking permissions, command may fail: FirebaseError: Authorization failed. This account is missing the following required permissions on project vamsi:

  firebase.projects.get
  firebasehosting.sites.update
[debug] [2024-08-02T13:56:43.415Z] >>> [apiv2][query] GET https://firebase.googleapis.com/v1beta1/projects/vamsi [none]
[debug] [2024-08-02T13:56:44.093Z] <<< [apiv2][status] GET https://firebase.googleapis.com/v1beta1/projects/vamsi 403
[debug] [2024-08-02T13:56:44.093Z] <<< [apiv2][body] GET https://firebase.googleapis.com/v1beta1/projects/vamsi {"error":{"code":403,"message":"The caller does not have permission","status":"PERMISSION_DENIED"}}
[debug] [2024-08-02T13:56:44.094Z] HTTP Error: 403, The caller does not have permission
[error] 
[error] Error: Assertion failed: resolving hosting target of a site with no site name or target name. This should have caused an error earlier
